C:\USERS\HARRY\DOCUMENTS\VISUAL STUDIO 2010\PROJECTS\HEAT\DEBUG\HEAT.EXE
C:\USERS\HARRY\DOCUMENTS\VISUAL STUDIO 2010\PROJECTS\HEAT\DEBUG\HEAT.ILK
C:\USERS\HARRY\DOCUMENTS\VISUAL STUDIO 2010\PROJECTS\HEAT\DEBUG\HEAT.PDB
C:\Users\Harry\documents\visual studio 2010\Projects\heat\heat\Debug\cl.command.1.tlog
C:\Users\Harry\documents\visual studio 2010\Projects\heat\heat\Debug\CL.read.1.tlog
C:\Users\Harry\documents\visual studio 2010\Projects\heat\heat\Debug\CL.write.1.tlog
C:\USERS\HARRY\DOCUMENTS\VISUAL STUDIO 2010\PROJECTS\HEAT\HEAT\DEBUG\HEAT.EXE.EMBED.MANIFEST
C:\USERS\HARRY\DOCUMENTS\VISUAL STUDIO 2010\PROJECTS\HEAT\HEAT\DEBUG\HEAT.EXE.EMBED.MANIFEST.RES
C:\USERS\HARRY\DOCUMENTS\VISUAL STUDIO 2010\PROJECTS\HEAT\HEAT\DEBUG\HEAT.EXE.INTERMEDIATE.MANIFEST
C:\USERS\HARRY\DOCUMENTS\VISUAL STUDIO 2010\PROJECTS\HEAT\HEAT\DEBUG\HEAT.OBJ
C:\Users\Harry\documents\visual studio 2010\Projects\heat\heat\Debug\heat_manifest.rc
C:\Users\Harry\documents\visual studio 2010\Projects\heat\heat\Debug\link.1044.read.1.tlog
C:\Users\Harry\documents\visual studio 2010\Projects\heat\heat\Debug\link.1044.write.1.tlog
C:\Users\Harry\documents\visual studio 2010\Projects\heat\heat\Debug\link.1044-cvtres.read.1.tlog
C:\Users\Harry\documents\visual studio 2010\Projects\heat\heat\Debug\link.1044-cvtres.write.1.tlog
C:\Users\Harry\documents\visual studio 2010\Projects\heat\heat\Debug\link.3504.read.1.tlog
C:\Users\Harry\documents\visual studio 2010\Projects\heat\heat\Debug\link.3504.write.1.tlog
C:\Users\Harry\documents\visual studio 2010\Projects\heat\heat\Debug\link.3504-cvtres.read.1.tlog
C:\Users\Harry\documents\visual studio 2010\Projects\heat\heat\Debug\link.3504-cvtres.write.1.tlog
C:\Users\Harry\documents\visual studio 2010\Projects\heat\heat\Debug\link.3936.read.1.tlog
C:\Users\Harry\documents\visual studio 2010\Projects\heat\heat\Debug\link.3936.write.1.tlog
C:\Users\Harry\documents\visual studio 2010\Projects\heat\heat\Debug\link.3936-cvtres.read.1.tlog
C:\Users\Harry\documents\visual studio 2010\Projects\heat\heat\Debug\link.3936-cvtres.write.1.tlog
C:\Users\Harry\documents\visual studio 2010\Projects\heat\heat\Debug\link.command.1.tlog
C:\Users\Harry\documents\visual studio 2010\Projects\heat\heat\Debug\link.read.1.tlog
C:\Users\Harry\documents\visual studio 2010\Projects\heat\heat\Debug\link.write.1.tlog
C:\Users\Harry\documents\visual studio 2010\Projects\heat\heat\Debug\link-cvtres.read.1.tlog
C:\Users\Harry\documents\visual studio 2010\Projects\heat\heat\Debug\link-cvtres.write.1.tlog
C:\Users\Harry\documents\visual studio 2010\Projects\heat\heat\Debug\mt.command.1.tlog
C:\Users\Harry\documents\visual studio 2010\Projects\heat\heat\Debug\mt.read.1.tlog
C:\Users\Harry\documents\visual studio 2010\Projects\heat\heat\Debug\mt.write.1.tlog
C:\Users\Harry\documents\visual studio 2010\Projects\heat\heat\Debug\rc.command.1.tlog
C:\Users\Harry\documents\visual studio 2010\Projects\heat\heat\Debug\rc.read.1.tlog
C:\Users\Harry\documents\visual studio 2010\Projects\heat\heat\Debug\rc.write.1.tlog
C:\Users\Harry\documents\visual studio 2010\Projects\heat\heat\Debug\vc100.idb
C:\USERS\HARRY\DOCUMENTS\VISUAL STUDIO 2010\PROJECTS\HEAT\HEAT\DEBUG\VC100.PDB
